==============================================
  SimEnc vs New 对比测试
  2026年 02月 26日 星期四 01:50:43 CST
==============================================

指标                         SimEnc (04)          New File-as-Layer (01)
------------------------------ -------------------- --------------------
推送总耗时 (ms)           7068                 11083               
拉取总耗时 (ms)           5750                 14673               
总存储空间                199M                 200M                
  原始blobs目录            199M                 198M                
  文件blobs目录                                 1.1M                
推送数据量 (bytes)        207457319            207457319           
去重率 (x)                  .99                  .99                 

--- SimEnc 拉取统计 ---
Statistics
Successful Requests: 26
Failed Requests: 16
Duration: 5.518554449081421
Data Transfered: 156 bytes
Average Latency: 0.7112491039129404
% requests on time: 0.0
Throughput: 4.711378720622712 requests/second

--- New 拉取统计 ---
Statistics
Successful Requests: 42
Failed Requests: 0
Duration: 14.284342527389526
Data Transfered: 326608892 bytes
Average Latency: 1.6046982152121407
% requests on time: 0.0
Throughput: 2.9402823349739102 requests/second
