==============================================
  SimEnc vs New 对比测试
  2026年 02月 25日 星期三 10:07:58 CST
==============================================

指标                         SimEnc (04)          New File-as-Layer (01)
------------------------------ -------------------- --------------------
推送总耗时 (ms)           6948                 7620                
拉取总耗时 (ms)           4601                 6837                
总存储空间                199M                 82M                 
  原始blobs目录            199M                 69M                 
  文件blobs目录                                 13M                 
推送数据量 (bytes)        207457319            207457319           
去重率 (x)                  .99                  2.47                

--- SimEnc 拉取统计 ---
Statistics
Successful Requests: 12
Failed Requests: 30
Duration: 4.199798822402954
Data Transfered: 72 bytes
Average Latency: 0.5895160237948099
% requests on time: 0.0
Throughput: 2.8572797192066663 requests/second

--- New 拉取统计 ---
Statistics
Successful Requests: 26
Failed Requests: 16
Duration: 6.332377672195435
Data Transfered: 87844708 bytes
Average Latency: 0.7865014993227445
% requests on time: 0.0
Throughput: 4.105882710401542 requests/second
