==============================================
  SimEnc vs New 对比测试
  2026年 02月 25日 星期三 10:16:38 CST
==============================================

指标                         SimEnc (04)          New File-as-Layer (01)
------------------------------ -------------------- --------------------
推送总耗时 (ms)           6499                 7645                
拉取总耗时 (ms)           4002                 6988                
总存储空间                199M                 75M                 
  原始blobs目录            199M                 69M                 
  文件blobs目录                                 5.1M                
推送数据量 (bytes)        207457319            207457319           
去重率 (x)                  .99                  2.71                

--- SimEnc 拉取统计 ---
Statistics
Successful Requests: 14
Failed Requests: 28
Duration: 3.692627191543579
Data Transfered: 84 bytes
Average Latency: 0.5095945085797992
% requests on time: 0.0
Throughput: 3.7913385981832 requests/second

--- New 拉取统计 ---
Statistics
Successful Requests: 24
Failed Requests: 18
Duration: 6.535959720611572
Data Transfered: 87842220 bytes
Average Latency: 0.7989722987016042
% requests on time: 0.0
Throughput: 3.6719932536172837 requests/second
