==============================================
  SimEnc vs New 对比测试
  2026年 02月 25日 星期三 06:59:44 CST
==============================================

指标                         SimEnc (04)          New File-as-Layer (01)
------------------------------ -------------------- --------------------
推送总耗时 (ms)           7005                 7387                
拉取总耗时 (ms)           3788                 6573                
总存储空间                199M                 98M                 
  原始blobs目录            199M                 69M                 
  文件blobs目录                                 29M                 
推送数据量 (bytes)        207457319            207457319           
去重率 (x)                  .99                  2.06                

--- SimEnc 拉取统计 ---
Statistics
Successful Requests: 12
Failed Requests: 30
Duration: 3.4998703002929688
Data Transfered: 72 bytes
Average Latency: 0.5003695289293925
% requests on time: 0.0
Throughput: 3.42869848605404 requests/second

--- New 拉取统计 ---
Statistics
Successful Requests: 26
Failed Requests: 16
Duration: 6.105514764785767
Data Transfered: 87844708 bytes
Average Latency: 0.7720677394133347
% requests on time: 0.0
Throughput: 4.258445192853825 requests/second
